<?xml version="1.0" encoding="UTF-8"?>
<!-- Generated by org.testng.reporters.JUnitXMLReporter -->
<testsuite ignored="0" hostname="Office-PC" failures="0" tests="4" name="Surefire test" time="106.004" errors="0" timestamp="2024-10-16T21:37:35 AST">
  <testcase classname="com.project01.testcases.LoginTest" name="isLoginPageWorking" time="44.135"/>
  <testcase classname="com.project01.testcases.LoginTest" name="lockedMsg" time="6.547"/>
  <testcase classname="com.project01.testcases.LoginTest" name="shouldAddToCartBug" time="45.075"/>
  <testcase classname="com.project01.testcases.PostalCheckTest" name="isPostalWorking" time="0.006"/>
</testsuite> <!-- Surefire test -->
